SF:lib/models/theme_model.dart
DA:9,8
DA:11,1
DA:12,2
DA:13,4
DA:15,2
DA:18,4
DA:19,4
DA:22,4
DA:23,4
DA:24,4
DA:25,8
DA:26,4
DA:29,2
DA:30,2
DA:31,2
DA:33,2
DA:34,4
DA:37,1
DA:38,1
DA:39,1
DA:41,1
DA:43,1
LF:22
LH:22
end_of_record
SF:lib/app_init.dart
DA:11,2
DA:12,2
DA:16,2
DA:18,2
DA:20,6
DA:21,6
DA:25,2
DA:27,2
DA:30,2
DA:32,2
DA:33,2
DA:34,2
DA:35,2
DA:42,2
DA:43,2
DA:44,2
DA:46,2
DA:48,2
DA:49,2
DA:51,8
DA:57,2
DA:59,8
DA:70,2
DA:71,1
DA:72,1
DA:73,1
LF:26
LH:26
end_of_record
SF:lib/models/settings_model.dart
DA:13,18
DA:14,12
DA:15,6
DA:17,8
DA:18,8
DA:19,8
DA:21,5
DA:23,5
DA:25,10
DA:26,10
DA:27,10
DA:29,5
DA:31,3
DA:35,3
DA:36,6
DA:37,3
DA:38,3
DA:39,3
DA:43,3
DA:44,6
DA:45,3
DA:46,3
DA:47,3
DA:51,3
DA:52,6
DA:53,3
DA:54,3
DA:55,2
DA:59,3
DA:61,3
DA:63,3
DA:64,3
DA:65,2
DA:66,2
DA:69,3
LF:35
LH:35
end_of_record
SF:lib/app.dart
DA:9,1
DA:10,1
DA:13,3
DA:16,1
DA:18,1
DA:19,1
DA:20,3
DA:21,3
DA:23,1
DA:24,1
DA:25,1
DA:26,1
DA:28,1
DA:29,1
DA:30,1
DA:32,1
LF:16
LH:16
end_of_record
SF:lib/route.dart
DA:10,6
DA:11,4
DA:12,2
DA:13,2
DA:14,2
DA:17,4
DA:19,1
DA:20,3
DA:21,2
DA:23,2
LF:10
LH:10
end_of_record
SF:lib/widgets/app_theme.dart
DA:4,2
DA:5,2
DA:7,2
DA:8,2
DA:9,2
DA:14,2
DA:15,2
DA:16,2
DA:17,2
DA:18,2
DA:19,2
DA:20,2
DA:26,2
DA:27,2
DA:28,3
DA:29,1
DA:30,1
DA:34,3
DA:35,1
DA:36,2
DA:43,2
DA:44,2
DA:45,2
DA:49,2
DA:61,2
DA:65,2
DA:66,2
DA:67,2
DA:70,2
DA:71,2
DA:72,2
DA:73,2
DA:77,2
DA:89,2
DA:93,2
DA:94,2
DA:95,2
DA:98,2
DA:99,2
DA:100,2
DA:101,2
LF:41
LH:41
end_of_record
SF:lib/models/product_model.dart
DA:8,8
DA:9,6
DA:10,8
DA:11,6
DA:12,6
LF:5
LH:5
end_of_record
SF:lib/screens/home_screen.dart
DA:6,3
DA:8,2
DA:9,2
DA:44,2
DA:46,2
DA:49,2
DA:51,2
DA:54,2
DA:55,2
DA:57,4
DA:58,2
DA:59,4
DA:60,2
DA:69,2
DA:71,2
DA:73,2
DA:75,2
DA:76,1
DA:77,1
DA:79,1
DA:80,3
DA:84,2
DA:86,2
DA:88,2
DA:89,2
DA:90,4
DA:91,14
DA:93,12
DA:94,16
LF:29
LH:29
end_of_record
SF:lib/screens/main_screen.dart
DA:7,2
DA:9,1
DA:10,1
DA:19,3
DA:20,1
DA:21,1
DA:24,1
DA:25,2
DA:26,1
DA:30,1
DA:32,1
DA:33,1
DA:34,4
DA:36,1
DA:37,1
DA:38,1
DA:40,1
DA:52,1
DA:53,3
DA:54,1
LF:20
LH:20
end_of_record
SF:lib/screens/settings_screen.dart
DA:7,5
DA:14,2
DA:16,2
DA:17,2
DA:19,2
DA:20,2
DA:22,2
DA:24,2
DA:25,2
DA:26,2
DA:27,2
DA:29,6
DA:32,2
DA:34,8
DA:41,2
DA:42,2
DA:43,2
DA:44,2
DA:45,2
DA:54,2
DA:63,2
DA:81,2
DA:82,2
DA:84,2
DA:86,2
DA:87,2
DA:88,2
DA:89,2
DA:91,6
DA:94,2
DA:96,8
DA:103,2
DA:104,2
DA:105,2
DA:106,2
DA:107,2
DA:112,2
DA:113,2
DA:116,2
DA:121,2
DA:122,2
DA:125,2
DA:130,2
DA:131,2
DA:132,2
DA:144,2
DA:145,2
DA:147,2
DA:149,2
DA:150,2
DA:151,2
DA:152,2
DA:154,6
DA:157,2
DA:159,8
DA:166,2
DA:167,2
DA:168,2
DA:169,2
DA:170,2
DA:172,6
DA:175,2
DA:176,2
DA:178,2
DA:179,2
DA:181,6
DA:183,2
DA:185,8
DA:186,8
DA:204,2
DA:205,4
DA:207,2
DA:208,2
DA:209,2
DA:210,2
DA:212,2
DA:213,2
DA:215,6
DA:216,6
DA:219,2
DA:221,8
DA:224,2
DA:225,2
DA:226,2
DA:229,6
DA:230,6
DA:233,2
DA:234,2
DA:236,2
DA:237,2
DA:239,8
DA:241,12
DA:244,2
DA:246,8
DA:247,8
DA:254,2
DA:256,6
DA:264,2
DA:265,2
DA:266,2
DA:267,2
DA:269,6
DA:272,2
DA:273,2
DA:275,2
DA:276,2
DA:278,6
DA:280,2
DA:282,8
DA:283,8
DA:289,2
DA:297,2
DA:298,2
DA:299,2
DA:300,2
DA:302,6
DA:305,2
DA:306,2
DA:308,2
DA:309,2
DA:311,6
DA:313,2
DA:315,8
DA:316,8
DA:322,2
DA:325,4
DA:326,2
DA:328,10
DA:330,2
LF:129
LH:129
end_of_record
SF:lib/screens/arcore_screen.dart
DA:13,4
DA:15,2
DA:16,2
DA:34,2
DA:36,2
DA:38,4
DA:43,6
DA:44,2
DA:45,2
DA:50,9
DA:51,1
DA:52,2
DA:53,1
DA:57,2
DA:60,2
DA:61,4
DA:62,2
DA:63,2
DA:65,2
DA:66,2
DA:68,2
DA:69,1
DA:70,1
DA:74,2
DA:77,1
DA:78,2
DA:79,2
DA:80,1
DA:81,2
DA:83,2
DA:88,2
DA:89,4
DA:90,2
DA:91,2
DA:93,4
DA:94,1
DA:95,2
DA:96,1
DA:97,1
DA:102,2
DA:104,2
DA:105,2
DA:108,2
DA:110,3
DA:111,1
DA:112,1
DA:113,1
DA:114,1
DA:115,1
DA:116,1
DA:119,1
DA:120,1
DA:121,1
DA:122,3
DA:123,1
DA:124,2
DA:126,2
DA:128,1
DA:129,2
DA:131,2
DA:133,1
DA:134,5
DA:137,1
DA:138,1
DA:139,1
DA:140,4
DA:141,1
DA:142,5
DA:145,1
DA:146,2
DA:148,1
DA:149,2
DA:150,1
DA:151,1
DA:152,1
DA:160,1
DA:161,1
DA:164,1
DA:169,1
DA:172,6
DA:176,1
DA:177,1
DA:178,1
DA:200,1
DA:204,2
DA:206,4
DA:207,4
DA:209,4
DA:210,2
DA:213,1
DA:214,1
DA:216,2
DA:218,2
DA:222,1
DA:223,1
DA:225,2
DA:227,2
DA:231,1
DA:232,1
DA:237,1
DA:240,4
DA:241,4
DA:247,1
DA:248,1
DA:249,1
DA:251,1
DA:254,1
DA:256,1
DA:258,1
DA:259,1
DA:261,4
DA:264,1
DA:265,1
DA:267,5
DA:272,1
DA:273,1
DA:284,1
DA:286,1
DA:287,1
DA:288,1
DA:289,1
DA:290,1
DA:292,1
DA:293,1
DA:294,1
DA:296,3
DA:299,1
DA:300,1
DA:302,1
DA:303,1
DA:305,3
DA:307,1
DA:309,4
DA:310,4
DA:316,1
DA:317,1
DA:318,1
DA:319,1
DA:324,1
DA:325,1
DA:326,1
DA:328,3
DA:331,1
DA:332,1
DA:334,1
DA:335,1
DA:337,3
DA:339,1
DA:341,4
DA:342,4
DA:348,1
DA:349,1
DA:350,1
DA:351,1
DA:356,1
DA:357,1
DA:358,1
DA:360,3
DA:363,1
DA:364,1
DA:366,1
DA:367,1
DA:369,3
DA:371,1
DA:373,4
DA:374,4
DA:380,1
DA:381,1
DA:382,1
DA:383,1
DA:384,2
DA:386,3
DA:387,1
DA:389,5
DA:391,1
DA:407,1
DA:408,1
DA:409,1
DA:411,1
DA:413,1
DA:414,1
DA:415,2
DA:416,5
DA:417,4
DA:423,1
DA:425,1
DA:426,1
DA:427,1
DA:432,1
LF:189
LH:189
end_of_record
SF:lib/services/arcore_service.dart
DA:6,9
DA:9,6
DA:12,9
DA:14,3
DA:15,4
DA:16,2
DA:17,2
DA:22,3
DA:24,3
DA:27,2
DA:32,3
DA:34,3
DA:37,4
DA:42,2
DA:44,4
DA:48,2
DA:52,2
DA:54,4
DA:58,2
DA:62,2
DA:64,2
DA:66,2
DA:70,2
DA:72,2
DA:73,2
DA:75,2
DA:79,2
DA:81,2
DA:83,2
DA:87,2
DA:89,2
DA:91,2
DA:95,1
DA:97,2
LF:34
LH:34
end_of_record
SF:lib/services/permission_service.dart
DA:5,3
DA:6,3
DA:7,3
DA:9,2
DA:10,2
DA:14,1
DA:15,1
LF:7
LH:7
end_of_record
SF:lib/widgets/custom_loading_dialog.dart
DA:4,13
DA:6,3
DA:11,3
DA:12,9
DA:16,3
DA:22,3
DA:23,3
DA:26,3
DA:27,9
DA:30,3
DA:34,3
DA:35,3
DA:36,9
LF:13
LH:13
end_of_record
SF:lib/screens/product_screen.dart
DA:8,4
DA:10,2
DA:12,2
DA:14,2
DA:15,8
DA:16,2
DA:18,2
DA:20,2
DA:21,8
DA:23,8
DA:25,12
DA:27,2
DA:28,1
DA:29,1
DA:31,4
DA:38,2
DA:39,6
DA:41,6
DA:48,2
DA:49,2
DA:51,2
DA:52,2
DA:53,2
DA:64,2
DA:65,6
DA:66,2
DA:67,2
DA:69,2
DA:73,2
DA:74,2
DA:76,2
DA:78,2
DA:79,2
DA:80,2
DA:88,2
DA:89,10
DA:92,2
DA:93,2
DA:94,2
DA:95,2
DA:97,2
DA:98,2
DA:99,2
DA:100,4
LF:44
LH:44
end_of_record
